<?xml version="1.0" encoding="UTF-8"?>
<testsuite name="by.rymko.plugins.filediff.FileDiffPluginIntegrationTest" tests="1" skipped="0" failures="0" errors="0" timestamp="2020-12-01T09:08:36" hostname="ws250" time="4.079">
  <properties/>
  <testcase name="can successfully diff 2 files" classname="by.rymko.plugins.filediff.FileDiffPluginIntegrationTest" time="4.079"/>
  <system-out><![CDATA[]]></system-out>
  <system-err><![CDATA[]]></system-err>
</testsuite>
